<?xml version="1.0" encoding="UTF-8"?>
<!-- Generated by org.testng.reporters.JUnitXMLReporter -->
<testsuite hostname="LAPTOP-2G86F66K" ignored="6" name="CloudBlaze Tests" tests="24" failures="1" timestamp="14 Apr 2020 07:24:57 GMT" time="2567.916" errors="0">
  <testcase name="verifySourceAdd" time="51.088" classname="com.Fullload_CDC.SqltoAzuresql"/>
  <testcase name="verifyAddDestination" time="21.916" classname="com.Fullload_CDC.SqltoAzuresql"/>
  <testcase name="verifyAddDataFlow" time="42.754" classname="com.Fullload_CDC.SqltoAzuresql"/>
  <testcase name="verifyScheduledFlow" time="17.747" classname="com.Fullload_CDC.SqltoAzuresql"/>
  <testcase name="verifyFlowOnMontioringScreen" time="365.504" classname="com.Fullload_CDC.SqltoAzuresql"/>
  <testcase name="verifySystemParams" time="6.515" classname="com.Fullload_CDC.FullLoad"/>
  <testcase name="verifyServicePrinciple" time="3.536" classname="com.Fullload_CDC.FullLoad"/>
  <testcase name="verifySubscription" time="4.089" classname="com.Fullload_CDC.FullLoad"/>
  <testcase name="verifyAddDataFactory" time="5.566" classname="com.Fullload_CDC.FullLoad"/>
  <testcase name="verifyAddSendgrid" time="3.469" classname="com.Fullload_CDC.FullLoad"/>
  <testcase name="verifyAddAzureFunction" time="3.429" classname="com.Fullload_CDC.FullLoad"/>
  <testcase name="verifySourceAdd" time="46.983" classname="com.Fullload_CDC.FullLoad"/>
  <testcase name="verifyAddDestination" time="16.9" classname="com.Fullload_CDC.FullLoad"/>
  <testcase name="verifyAddDataFlow" time="64.522" classname="com.Fullload_CDC.FullLoad"/>
  <testcase name="verifyScheduledFlow" time="18.248" classname="com.Fullload_CDC.FullLoad"/>
  <testcase name="verifyFlowOnMontioringScreen" time="1047.069" classname="com.Fullload_CDC.FullLoad"/>
  <testcase name="verifySourceAdd" time="41.643" classname="com.Fullload_CDC.OracleToAdlsCDC"/>
  <testcase name="verifyAddDestination" time="16.886" classname="com.Fullload_CDC.OracleToAdlsCDC"/>
  <testcase name="verifyAddDataFlow" time="65.471" classname="com.Fullload_CDC.OracleToAdlsCDC"/>
  <testcase name="verifyScheduledFlow" time="20.846" classname="com.Fullload_CDC.OracleToAdlsCDC"/>
  <testcase name="verifyDataFlowOnMontioringScreen" time="663.385" classname="com.Fullload_CDC.OracleToAdlsCDC"/>
  <testcase name="verifyDeleteScheduledFlow" time="9.512" classname="com.Fullload_CDC.OracleToAdlsCDC">
    <failure type="org.openqa.selenium.NoSuchElementException" message="no such element: Unable to locate element: {&amp;quot;method&amp;quot;:&amp;quot;xpath&amp;quot;,&amp;quot;selector&amp;quot;:&amp;quot;//*[@id=&amp;apos;root&amp;apos;]//div/table/tbody/tr[1]/td[2][text()=&amp;apos;DataFlowOracletoADLSCDC&amp;apos;]/..//a[2]&amp;quot;}
  (Session info: chrome=80.0.3987.163)
For documentation on this error, please visit: http://seleniumhq.org/exceptions/no_such_element.html
Build info: version: &amp;apos;3.12.0&amp;apos;, revision: &amp;apos;7c6e0b3&amp;apos;, time: &amp;apos;2018-05-08T14:04:26.12Z&amp;apos;
System info: host: &amp;apos;LAPTOP-2G86F66K&amp;apos;, ip: &amp;apos;192.168.29.96&amp;apos;, os.name: &amp;apos;Windows 10&amp;apos;, os.arch: &amp;apos;amd64&amp;apos;, os.version: &amp;apos;10.0&amp;apos;, java.version: &amp;apos;1.8.0_181&amp;apos;
Driver info: org.openqa.selenium.chrome.ChromeDriver
Capabilities {acceptInsecureCerts: false, browserName: chrome, browserVersion: 80.0.3987.163, chrome: {chromedriverVersion: 80.0.3987.16 (320f6526c1632..., userDataDir: C:\Users\Lenovo\AppData\Loc...}, goog:chromeOptions: {debuggerAddress: localhost:51565}, javascriptEnabled: true, networkConnectionEnabled: false, pageLoadStrategy: normal, platform: WINDOWS, platformName: WINDOWS, proxy: Proxy(), setWindowRect: true, strictFileInteractability: false, timeouts: {implicit: 0, pageLoad: 300000, script: 30000}, unhandledPromptBehavior: dismiss and notify}
Session ID: 031b7c13e670a529f1c02fc9ff2556d3
*** Element info: {Using=xpath, value=//*[@id=&amp;apos;root&amp;apos;]//div/table/tbody/tr[1]/td[2][text()=&amp;apos;DataFlowOracletoADLSCDC&amp;apos;]/..//a[2]}">
      <![CDATA[org.openqa.selenium.NoSuchElementException: no such element: Unable to locate element: {"method":"xpath","selector":"//*[@id='root']//div/table/tbody/tr[1]/td[2][text()='DataFlowOracletoADLSCDC']/..//a[2]"}
  (Session info: chrome=80.0.3987.163)
For documentation on this error, please visit: http://seleniumhq.org/exceptions/no_such_element.html
Build info: version: '3.12.0', revision: '7c6e0b3', time: '2018-05-08T14:04:26.12Z'
System info: host: 'LAPTOP-2G86F66K', ip: '192.168.29.96', os.name: 'Windows 10', os.arch: 'amd64', os.version: '10.0', java.version: '1.8.0_181'
Driver info: org.openqa.selenium.chrome.ChromeDriver
Capabilities {acceptInsecureCerts: false, browserName: chrome, browserVersion: 80.0.3987.163, chrome: {chromedriverVersion: 80.0.3987.16 (320f6526c1632..., userDataDir: C:\Users\Lenovo\AppData\Loc...}, goog:chromeOptions: {debuggerAddress: localhost:51565}, javascriptEnabled: true, networkConnectionEnabled: false, pageLoadStrategy: normal, platform: WINDOWS, platformName: WINDOWS, proxy: Proxy(), setWindowRect: true, strictFileInteractability: false, timeouts: {implicit: 0, pageLoad: 300000, script: 30000}, unhandledPromptBehavior: dismiss and notify}
Session ID: 031b7c13e670a529f1c02fc9ff2556d3
*** Element info: {Using=xpath, value=//*[@id='root']//div/table/tbody/tr[1]/td[2][text()='DataFlowOracletoADLSCDC']/..//a[2]}
at org.openqa.selenium.remote.http.W3CHttpResponseCodec.createException(W3CHttpResponseCodec.java:187)
at org.openqa.selenium.remote.http.W3CHttpResponseCodec.decode(W3CHttpResponseCodec.java:122)
at org.openqa.selenium.remote.http.W3CHttpResponseCodec.decode(W3CHttpResponseCodec.java:49)
at org.openqa.selenium.remote.HttpCommandExecutor.execute(HttpCommandExecutor.java:158)
at org.openqa.selenium.remote.service.DriverCommandExecutor.execute(DriverCommandExecutor.java:83)
at org.openqa.selenium.remote.RemoteWebDriver.execute(RemoteWebDriver.java:543)
at org.openqa.selenium.remote.RemoteWebDriver.findElement(RemoteWebDriver.java:317)
at org.openqa.selenium.remote.RemoteWebDriver.findElementByXPath(RemoteWebDriver.java:419)
at org.openqa.selenium.By$ByXPath.findElement(By.java:353)
at org.openqa.selenium.remote.RemoteWebDriver.findElement(RemoteWebDriver.java:309)
at com.Fullload_CDC.OracleToAdlsCDC.verifyDeleteScheduledFlow(OracleToAdlsCDC.java:212)
... Removed 29 stack frames]]>
    </failure>
  </testcase> <!-- verifyDeleteScheduledFlow -->
  <testcase name="verifyRescheduled" time="0.0" classname="com.Fullload_CDC.OracleToAdlsCDC">
    <skipped/>
  </testcase> <!-- verifyRescheduled -->
  <testcase name="verifyFlowOnMontioringScren" time="0.0" classname="com.Fullload_CDC.OracleToAdlsCDC">
    <skipped/>
  </testcase> <!-- verifyFlowOnMontioringScren -->
  <testcase name="@AfterSuite tearDown" time="0.0" classname="com.CloudBlaze.Base.BaseClass">
    <ignored/>
  </testcase> <!-- @AfterSuite tearDown -->
  <testcase name="@AfterSuite tearDown" time="0.0" classname="com.CloudBlaze.Base.BaseClass">
    <ignored/>
  </testcase> <!-- @AfterSuite tearDown -->
  <testcase name="@BeforeTest Report" time="0.0" classname="com.CloudBlaze.Base.BaseClass">
    <ignored/>
  </testcase> <!-- @BeforeTest Report -->
  <testcase name="@BeforeTest Report" time="0.0" classname="com.CloudBlaze.Base.BaseClass">
    <ignored/>
  </testcase> <!-- @BeforeTest Report -->
  <testcase name="@BeforeTest init" time="0.0" classname="com.CloudBlaze.Base.BaseClass">
    <ignored/>
  </testcase> <!-- @BeforeTest init -->
  <testcase name="@BeforeTest init" time="0.0" classname="com.CloudBlaze.Base.BaseClass">
    <ignored/>
  </testcase> <!-- @BeforeTest init -->
</testsuite> <!-- CloudBlaze Tests -->
