<!DOCTYPE html PUBLIC "-//W3C//DTD XHTML 1.1//EN" "http://www.w3.org/TR/xhtml11/DTD/xhtml11.dtd">
<html xmlns="http://www.w3.org/1999/xhtml">
<head>
<meta http-equiv="content-type" content="text/html; charset=UTF-8"/>
<title>TestNG Report</title>
<style type="text/css">table {margin-bottom:10px;border-collapse:collapse;empty-cells:show}th,td {border:1px solid #009;padding:.25em .5em}th {vertical-align:bottom}td {vertical-align:top}table a {font-weight:bold}.stripe td {background-color: #E6EBF9}.num {text-align:right}.passedodd td {background-color: #3F3}.passedeven td {background-color: #0A0}.skippedodd td {background-color: #DDD}.skippedeven td {background-color: #CCC}.failedodd td,.attn {background-color: #F33}.failedeven td,.stripe .attn {background-color: #D00}.stacktrace {white-space:pre;font-family:monospace}.totop {font-size:85%;text-align:center;border-bottom:2px solid #000}.invisible {display:none}</style>
</head>
<body>
<table>
<tr><th>Test</th><th># Passed</th><th># Skipped</th><th># Failed</th><th>Time (ms)</th><th>Included Groups</th><th>Excluded Groups</th></tr>
<tr><th colspan="7">CloudBlaze Automation</th></tr>
<tr><td><a href="#t0">CloudBlaze Tests</a></td><td class="num">0</td><td class="num attn">9</td><td class="num attn">1</td><td class="num">71,667</td><td>Smoke</td><td></td></tr>
</table>
<table id='summary'><thead><tr><th>Class</th><th>Method</th><th>Start</th><th>Time (ms)</th></tr></thead><tbody><tr><th colspan="4">CloudBlaze Automation</th></tr></tbody><tbody id="t0"><tr><th colspan="4">CloudBlaze Tests &#8212; failed (configuration methods)</th></tr><tr class="failedeven"><td rowspan="1">com.Fullload_CDC.SqltoAzuresql</td><td><a href="#m0">getResult</a></td><td rowspan="1">1586865625466</td><td rowspan="1">14034</td></tr><tr><th colspan="4">CloudBlaze Tests &#8212; failed</th></tr><tr class="failedeven"><td rowspan="1">com.Fullload_CDC.SqltoAzuresql</td><td><a href="#m1">verifySourceAdd</a></td><td rowspan="1">1586865594869</td><td rowspan="1">30592</td></tr><tr><th colspan="4">CloudBlaze Tests &#8212; skipped</th></tr><tr class="skippedeven"><td rowspan="5">com.Fullload_CDC.SqlToAdlsDM</td><td><a href="#m2">verifyAddDataFlow</a></td><td rowspan="1">1586865639511</td><td rowspan="1">0</td></tr><tr class="skippedeven"><td><a href="#m3">verifyAddDestination</a></td><td rowspan="1">1586865639510</td><td rowspan="1">0</td></tr><tr class="skippedeven"><td><a href="#m4">verifyFlowOnMontioringScreen</a></td><td rowspan="1">1586865639514</td><td rowspan="1">0</td></tr><tr class="skippedeven"><td><a href="#m5">verifyScheduledFlow</a></td><td rowspan="1">1586865639512</td><td rowspan="1">0</td></tr><tr class="skippedeven"><td><a href="#m6">verifySourceAdd</a></td><td rowspan="1">1586865639508</td><td rowspan="1">0</td></tr><tr class="skippedodd"><td rowspan="4">com.Fullload_CDC.SqltoAzuresql</td><td><a href="#m7">verifyAddDataFlow</a></td><td rowspan="1">1586865639504</td><td rowspan="1">0</td></tr><tr class="skippedodd"><td><a href="#m8">verifyAddDestination</a></td><td rowspan="1">1586865639503</td><td rowspan="1">0</td></tr><tr class="skippedodd"><td><a href="#m9">verifyFlowOnMontioringScreen</a></td><td rowspan="1">1586865639506</td><td rowspan="1">0</td></tr><tr class="skippedodd"><td><a href="#m10">verifyScheduledFlow</a></td><td rowspan="1">1586865639505</td><td rowspan="1">0</td></tr></tbody>
</table>
<h2>CloudBlaze Tests</h2><h3 id="m0">com.Fullload_CDC.SqltoAzuresql#getResult</h3><table class="result"><tr class="param"><th>Parameter #1</th></tr><tr class="param stripe"><td>[TestResult name=verifySourceAdd status=FAILURE method=SqltoAzuresql.verifySourceAdd()[pri:1, instance:com.Fullload_CDC.SqltoAzuresql@550ee7e5] output={null}]</td></tr><tr><th>Exception</th></tr><tr><td><div class="stacktrace">org.openqa.selenium.WebDriverException: chrome not reachable
  (Session info: chrome=80.0.3987.163)
Build info: version: &apos;3.12.0&apos;, revision: &apos;7c6e0b3&apos;, time: &apos;2018-05-08T14:04:26.12Z&apos;
System info: host: &apos;LAPTOP-2G86F66K&apos;, ip: &apos;192.168.29.96&apos;, os.name: &apos;Windows 10&apos;, os.arch: &apos;amd64&apos;, os.version: &apos;10.0&apos;, java.version: &apos;1.8.0_181&apos;
Driver info: org.openqa.selenium.chrome.ChromeDriver
Capabilities {acceptInsecureCerts: false, browserName: chrome, browserVersion: 80.0.3987.163, chrome: {chromedriverVersion: 80.0.3987.16 (320f6526c1632..., userDataDir: C:\Users\Lenovo\AppData\Loc...}, goog:chromeOptions: {debuggerAddress: localhost:56361}, javascriptEnabled: true, networkConnectionEnabled: false, pageLoadStrategy: normal, platform: WINDOWS, platformName: WINDOWS, proxy: Proxy(), setWindowRect: true, strictFileInteractability: false, timeouts: {implicit: 0, pageLoad: 300000, script: 30000}, unhandledPromptBehavior: dismiss and notify}
Session ID: 74ed7faf6f529c4e23d47a8b477f87c4
	at org.openqa.selenium.remote.http.W3CHttpResponseCodec.createException(W3CHttpResponseCodec.java:187)
	at org.openqa.selenium.remote.http.W3CHttpResponseCodec.decode(W3CHttpResponseCodec.java:122)
	at org.openqa.selenium.remote.http.W3CHttpResponseCodec.decode(W3CHttpResponseCodec.java:49)
	at org.openqa.selenium.remote.HttpCommandExecutor.execute(HttpCommandExecutor.java:158)
	at org.openqa.selenium.remote.service.DriverCommandExecutor.execute(DriverCommandExecutor.java:83)
	at org.openqa.selenium.remote.RemoteWebDriver.execute(RemoteWebDriver.java:543)
	at org.openqa.selenium.remote.RemoteWebDriver.execute(RemoteWebDriver.java:600)
	at org.openqa.selenium.remote.RemoteWebDriver.getScreenshotAs(RemoteWebDriver.java:289)
	at com.CloudBlaze.Base.BaseClass.getScreenshot(BaseClass.java:224)
	at com.CloudBlaze.Base.BaseClass.getResult(BaseClass.java:201)
... Removed 32 stack frames</div></td></tr></table><p class="totop"><a href="#summary">back to summary</a></p>
<h3 id="m1">com.Fullload_CDC.SqltoAzuresql#verifySourceAdd</h3><table class="result"><tr><th>Exception</th></tr><tr><td><div class="stacktrace">org.openqa.selenium.WebDriverException: chrome not reachable
  (Session info: chrome=80.0.3987.163)
Build info: version: &apos;3.12.0&apos;, revision: &apos;7c6e0b3&apos;, time: &apos;2018-05-08T14:04:26.12Z&apos;
System info: host: &apos;LAPTOP-2G86F66K&apos;, ip: &apos;192.168.29.96&apos;, os.name: &apos;Windows 10&apos;, os.arch: &apos;amd64&apos;, os.version: &apos;10.0&apos;, java.version: &apos;1.8.0_181&apos;
Driver info: org.openqa.selenium.chrome.ChromeDriver
Capabilities {acceptInsecureCerts: false, browserName: chrome, browserVersion: 80.0.3987.163, chrome: {chromedriverVersion: 80.0.3987.16 (320f6526c1632..., userDataDir: C:\Users\Lenovo\AppData\Loc...}, goog:chromeOptions: {debuggerAddress: localhost:56361}, javascriptEnabled: true, networkConnectionEnabled: false, pageLoadStrategy: normal, platform: WINDOWS, platformName: WINDOWS, proxy: Proxy(), setWindowRect: true, strictFileInteractability: false, timeouts: {implicit: 0, pageLoad: 300000, script: 30000}, unhandledPromptBehavior: dismiss and notify}
Session ID: 74ed7faf6f529c4e23d47a8b477f87c4
*** Element info: {Using=xpath, value=//*[@id=&apos;menu-33&apos;]/div//li[@data-value=&apos;PriynakaSystemKey&apos;]}
	at org.openqa.selenium.remote.http.W3CHttpResponseCodec.createException(W3CHttpResponseCodec.java:187)
	at org.openqa.selenium.remote.http.W3CHttpResponseCodec.decode(W3CHttpResponseCodec.java:122)
	at org.openqa.selenium.remote.http.W3CHttpResponseCodec.decode(W3CHttpResponseCodec.java:49)
	at org.openqa.selenium.remote.HttpCommandExecutor.execute(HttpCommandExecutor.java:158)
	at org.openqa.selenium.remote.service.DriverCommandExecutor.execute(DriverCommandExecutor.java:83)
	at org.openqa.selenium.remote.RemoteWebDriver.execute(RemoteWebDriver.java:543)
	at org.openqa.selenium.remote.RemoteWebDriver.findElement(RemoteWebDriver.java:317)
	at org.openqa.selenium.remote.RemoteWebDriver.findElementByXPath(RemoteWebDriver.java:419)
	at org.openqa.selenium.By$ByXPath.findElement(By.java:353)
	at org.openqa.selenium.remote.RemoteWebDriver.findElement(RemoteWebDriver.java:309)
	at com.Fullload_CDC.ReuseFuntions.verifySourceSQL(ReuseFuntions.java:109)
	at com.Fullload_CDC.SqltoAzuresql.verifySourceAdd(SqltoAzuresql.java:28)
... Removed 29 stack frames</div></td></tr></table><p class="totop"><a href="#summary">back to summary</a></p>
<h3 id="m2">com.Fullload_CDC.SqlToAdlsDM#verifyAddDataFlow</h3><table class="result"><tr><th>Exception</th></tr><tr><td><div class="stacktrace">java.lang.Throwable: Method SqlToAdlsDM.verifyAddDataFlow()[pri:8, instance:com.Fullload_CDC.SqlToAdlsDM@193f604a] depends on not successfully finished methods
... Removed 18 stack frames</div></td></tr></table><p class="totop"><a href="#summary">back to summary</a></p>
<h3 id="m3">com.Fullload_CDC.SqlToAdlsDM#verifyAddDestination</h3><table class="result"><tr><th>Exception</th></tr><tr><td><div class="stacktrace">java.lang.Throwable: Method SqlToAdlsDM.verifyAddDestination()[pri:7, instance:com.Fullload_CDC.SqlToAdlsDM@193f604a] depends on not successfully finished methods
... Removed 18 stack frames</div></td></tr></table><p class="totop"><a href="#summary">back to summary</a></p>
<h3 id="m4">com.Fullload_CDC.SqlToAdlsDM#verifyFlowOnMontioringScreen</h3><table class="result"><tr><th>Exception</th></tr><tr><td><div class="stacktrace">java.lang.Throwable: Method SqlToAdlsDM.verifyFlowOnMontioringScreen()[pri:10, instance:com.Fullload_CDC.SqlToAdlsDM@193f604a] depends on not successfully finished methods
... Removed 18 stack frames</div></td></tr></table><p class="totop"><a href="#summary">back to summary</a></p>
<h3 id="m5">com.Fullload_CDC.SqlToAdlsDM#verifyScheduledFlow</h3><table class="result"><tr><th>Exception</th></tr><tr><td><div class="stacktrace">java.lang.Throwable: Method SqlToAdlsDM.verifyScheduledFlow()[pri:9, instance:com.Fullload_CDC.SqlToAdlsDM@193f604a] depends on not successfully finished methods
... Removed 18 stack frames</div></td></tr></table><p class="totop"><a href="#summary">back to summary</a></p>
<h3 id="m6">com.Fullload_CDC.SqlToAdlsDM#verifySourceAdd</h3><table class="result"><tr><th>Exception</th></tr><tr><td><div class="stacktrace">org.openqa.selenium.WebDriverException: chrome not reachable
  (Session info: chrome=80.0.3987.163)
Build info: version: &apos;3.12.0&apos;, revision: &apos;7c6e0b3&apos;, time: &apos;2018-05-08T14:04:26.12Z&apos;
System info: host: &apos;LAPTOP-2G86F66K&apos;, ip: &apos;192.168.29.96&apos;, os.name: &apos;Windows 10&apos;, os.arch: &apos;amd64&apos;, os.version: &apos;10.0&apos;, java.version: &apos;1.8.0_181&apos;
Driver info: org.openqa.selenium.chrome.ChromeDriver
Capabilities {acceptInsecureCerts: false, browserName: chrome, browserVersion: 80.0.3987.163, chrome: {chromedriverVersion: 80.0.3987.16 (320f6526c1632..., userDataDir: C:\Users\Lenovo\AppData\Loc...}, goog:chromeOptions: {debuggerAddress: localhost:56361}, javascriptEnabled: true, networkConnectionEnabled: false, pageLoadStrategy: normal, platform: WINDOWS, platformName: WINDOWS, proxy: Proxy(), setWindowRect: true, strictFileInteractability: false, timeouts: {implicit: 0, pageLoad: 300000, script: 30000}, unhandledPromptBehavior: dismiss and notify}
Session ID: 74ed7faf6f529c4e23d47a8b477f87c4
	at org.openqa.selenium.remote.http.W3CHttpResponseCodec.createException(W3CHttpResponseCodec.java:187)
	at org.openqa.selenium.remote.http.W3CHttpResponseCodec.decode(W3CHttpResponseCodec.java:122)
	at org.openqa.selenium.remote.http.W3CHttpResponseCodec.decode(W3CHttpResponseCodec.java:49)
	at org.openqa.selenium.remote.HttpCommandExecutor.execute(HttpCommandExecutor.java:158)
	at org.openqa.selenium.remote.service.DriverCommandExecutor.execute(DriverCommandExecutor.java:83)
	at org.openqa.selenium.remote.RemoteWebDriver.execute(RemoteWebDriver.java:543)
	at org.openqa.selenium.remote.RemoteWebDriver.execute(RemoteWebDriver.java:600)
	at org.openqa.selenium.remote.RemoteWebDriver.getScreenshotAs(RemoteWebDriver.java:289)
	at com.CloudBlaze.Base.BaseClass.getScreenshot(BaseClass.java:224)
	at com.CloudBlaze.Base.BaseClass.getResult(BaseClass.java:201)
... Removed 32 stack frames</div></td></tr></table><p class="totop"><a href="#summary">back to summary</a></p>
<h3 id="m7">com.Fullload_CDC.SqltoAzuresql#verifyAddDataFlow</h3><table class="result"><tr><th>Exception</th></tr><tr><td><div class="stacktrace">java.lang.Throwable: Method SqltoAzuresql.verifyAddDataFlow()[pri:3, instance:com.Fullload_CDC.SqltoAzuresql@550ee7e5] depends on not successfully finished methods
... Removed 18 stack frames</div></td></tr></table><p class="totop"><a href="#summary">back to summary</a></p>
<h3 id="m8">com.Fullload_CDC.SqltoAzuresql#verifyAddDestination</h3><table class="result"><tr><th>Exception</th></tr><tr><td><div class="stacktrace">java.lang.Throwable: Method SqltoAzuresql.verifyAddDestination()[pri:2, instance:com.Fullload_CDC.SqltoAzuresql@550ee7e5] depends on not successfully finished methods
... Removed 18 stack frames</div></td></tr></table><p class="totop"><a href="#summary">back to summary</a></p>
<h3 id="m9">com.Fullload_CDC.SqltoAzuresql#verifyFlowOnMontioringScreen</h3><table class="result"><tr><th>Exception</th></tr><tr><td><div class="stacktrace">java.lang.Throwable: Method SqltoAzuresql.verifyFlowOnMontioringScreen()[pri:5, instance:com.Fullload_CDC.SqltoAzuresql@550ee7e5] depends on not successfully finished methods
... Removed 18 stack frames</div></td></tr></table><p class="totop"><a href="#summary">back to summary</a></p>
<h3 id="m10">com.Fullload_CDC.SqltoAzuresql#verifyScheduledFlow</h3><table class="result"><tr><th>Exception</th></tr><tr><td><div class="stacktrace">java.lang.Throwable: Method SqltoAzuresql.verifyScheduledFlow()[pri:4, instance:com.Fullload_CDC.SqltoAzuresql@550ee7e5] depends on not successfully finished methods
... Removed 18 stack frames</div></td></tr></table><p class="totop"><a href="#summary">back to summary</a></p>
</body>
</html>
