<?xml version="1.0" encoding="UTF-8"?>
<!-- Generated by org.testng.reporters.JUnitReportReporter -->
<testsuite skipped="2" hostname="LAPTOP-2G86F66K" name="com.CloudBlaze.Onboarding.DataFlow" tests="14" failures="0" timestamp="21 Feb 2020 10:03:23 GMT" time="40.338" errors="1">
  <testcase name="verifyDataFlowPage" time="4.125" classname="com.CloudBlaze.Onboarding.DataFlow"/>
  <testcase name="verifyUrlOfDataFlowPage" time="3.954" classname="com.CloudBlaze.Onboarding.DataFlow"/>
  <testcase name="verifyComponentsOfDataFlowPage" time="3.468" classname="com.CloudBlaze.Onboarding.DataFlow"/>
  <testcase name="verifyGridComponents" time="0.094" classname="com.CloudBlaze.Onboarding.DataFlow"/>
  <testcase name="verifyColumnsOfGrid" time="0.235" classname="com.CloudBlaze.Onboarding.DataFlow"/>
  <testcase name="verifyNumberOfRecords" time="0.039" classname="com.CloudBlaze.Onboarding.DataFlow"/>
  <testcase name="verifyOnAddClickPannelareDisplaying" time="0.572" classname="com.CloudBlaze.Onboarding.DataFlow"/>
  <testcase name="verifyOnAddClickFirstPannel" time="1.249" classname="com.CloudBlaze.Onboarding.DataFlow"/>
  <testcase name="verifyComponentsOfDataFlow" time="1.698" classname="com.CloudBlaze.Onboarding.DataFlow"/>
  <testcase name="verifyAddDataFlow" time="17.631" classname="com.CloudBlaze.Onboarding.DataFlow">
    <error type="org.openqa.selenium.NoSuchElementException" message="no such element: Unable to locate element: {&quot;method&quot;:&quot;xpath&quot;,&quot;selector&quot;:&quot;/html/body/div[6]/div[2]/div[1]/div[4]/div/div[1]/div[1]/table/thead/tr/th[1]/span/span[1]/input&quot;}
  (Session info: chrome=80.0.3987.116)
For documentation on this error, please visit: http://seleniumhq.org/exceptions/no_such_element.html
Build info: version: &#039;3.12.0&#039;, revision: &#039;7c6e0b3&#039;, time: &#039;2018-05-08T14:04:26.12Z&#039;
System info: host: &#039;LAPTOP-2G86F66K&#039;, ip: &#039;192.168.1.122&#039;, os.name: &#039;Windows 10&#039;, os.arch: &#039;amd64&#039;, os.version: &#039;10.0&#039;, java.version: &#039;1.8.0_181&#039;
Driver info: org.openqa.selenium.chrome.ChromeDriver
Capabilities {acceptInsecureCerts: false, browserName: chrome, browserVersion: 80.0.3987.116, chrome: {chromedriverVersion: 80.0.3987.16 (320f6526c1632..., userDataDir: C:\Users\Lenovo\AppData\Loc...}, goog:chromeOptions: {debuggerAddress: localhost:54407}, javascriptEnabled: true, networkConnectionEnabled: false, pageLoadStrategy: normal, platform: WINDOWS, platformName: WINDOWS, proxy: Proxy(), setWindowRect: true, strictFileInteractability: false, timeouts: {implicit: 0, pageLoad: 300000, script: 30000}, unhandledPromptBehavior: dismiss and notify}
Session ID: 628b0aca9002e02ce7558099238f3fd3
*** Element info: {Using=xpath, value=/html/body/div[6]/div[2]/div[1]/div[4]/div/div[1]/div[1]/table/thead/tr/th[1]/span/span[1]/input}">
      <![CDATA[org.openqa.selenium.NoSuchElementException: no such element: Unable to locate element: {"method":"xpath","selector":"/html/body/div[6]/div[2]/div[1]/div[4]/div/div[1]/div[1]/table/thead/tr/th[1]/span/span[1]/input"}
  (Session info: chrome=80.0.3987.116)
For documentation on this error, please visit: http://seleniumhq.org/exceptions/no_such_element.html
Build info: version: '3.12.0', revision: '7c6e0b3', time: '2018-05-08T14:04:26.12Z'
System info: host: 'LAPTOP-2G86F66K', ip: '192.168.1.122', os.name: 'Windows 10', os.arch: 'amd64', os.version: '10.0', java.version: '1.8.0_181'
Driver info: org.openqa.selenium.chrome.ChromeDriver
Capabilities {acceptInsecureCerts: false, browserName: chrome, browserVersion: 80.0.3987.116, chrome: {chromedriverVersion: 80.0.3987.16 (320f6526c1632..., userDataDir: C:\Users\Lenovo\AppData\Loc...}, goog:chromeOptions: {debuggerAddress: localhost:54407}, javascriptEnabled: true, networkConnectionEnabled: false, pageLoadStrategy: normal, platform: WINDOWS, platformName: WINDOWS, proxy: Proxy(), setWindowRect: true, strictFileInteractability: false, timeouts: {implicit: 0, pageLoad: 300000, script: 30000}, unhandledPromptBehavior: dismiss and notify}
Session ID: 628b0aca9002e02ce7558099238f3fd3
*** Element info: {Using=xpath, value=/html/body/div[6]/div[2]/div[1]/div[4]/div/div[1]/div[1]/table/thead/tr/th[1]/span/span[1]/input}
at sun.reflect.NativeConstructorAccessorImpl.newInstance0(Native Method)
at sun.reflect.NativeConstructorAccessorImpl.newInstance(Unknown Source)
at sun.reflect.DelegatingConstructorAccessorImpl.newInstance(Unknown Source)
at java.lang.reflect.Constructor.newInstance(Unknown Source)
at org.openqa.selenium.remote.http.W3CHttpResponseCodec.createException(W3CHttpResponseCodec.java:187)
at org.openqa.selenium.remote.http.W3CHttpResponseCodec.decode(W3CHttpResponseCodec.java:122)
at org.openqa.selenium.remote.http.W3CHttpResponseCodec.decode(W3CHttpResponseCodec.java:49)
at org.openqa.selenium.remote.HttpCommandExecutor.execute(HttpCommandExecutor.java:158)
at org.openqa.selenium.remote.service.DriverCommandExecutor.execute(DriverCommandExecutor.java:83)
at org.openqa.selenium.remote.RemoteWebDriver.execute(RemoteWebDriver.java:543)
at org.openqa.selenium.remote.RemoteWebDriver.findElement(RemoteWebDriver.java:317)
at org.openqa.selenium.remote.RemoteWebDriver.findElementByXPath(RemoteWebDriver.java:419)
at org.openqa.selenium.By$ByXPath.findElement(By.java:353)
at org.openqa.selenium.remote.RemoteWebDriver.findElement(RemoteWebDriver.java:309)
at com.CloudBlaze.Onboarding.DataFlow.verifyAddDataFlow(DataFlow.java:354)
at sun.reflect.NativeMethodAccessorImpl.invoke0(Native Method)
at sun.reflect.NativeMethodAccessorImpl.invoke(Unknown Source)
at sun.reflect.DelegatingMethodAccessorImpl.invoke(Unknown Source)
at java.lang.reflect.Method.invoke(Unknown Source)
at org.testng.internal.MethodInvocationHelper.invokeMethod(MethodInvocationHelper.java:124)
at org.testng.internal.Invoker.invokeMethod(Invoker.java:580)
at org.testng.internal.Invoker.invokeTestMethod(Invoker.java:716)
at org.testng.internal.Invoker.invokeTestMethods(Invoker.java:988)
at org.testng.internal.TestMethodWorker.invokeTestMethods(TestMethodWorker.java:125)
at org.testng.internal.TestMethodWorker.run(TestMethodWorker.java:109)
at org.testng.TestRunner.privateRun(TestRunner.java:648)
at org.testng.TestRunner.run(TestRunner.java:505)
at org.testng.SuiteRunner.runTest(SuiteRunner.java:455)
at org.testng.SuiteRunner.runSequentially(SuiteRunner.java:450)
at org.testng.SuiteRunner.privateRun(SuiteRunner.java:415)
at org.testng.SuiteRunner.run(SuiteRunner.java:364)
at org.testng.SuiteRunnerWorker.runSuite(SuiteRunnerWorker.java:52)
at org.testng.SuiteRunnerWorker.run(SuiteRunnerWorker.java:84)
at org.testng.TestNG.runSuitesSequentially(TestNG.java:1208)
at org.testng.TestNG.runSuitesLocally(TestNG.java:1137)
at org.testng.TestNG.runSuites(TestNG.java:1049)
at org.testng.TestNG.run(TestNG.java:1017)
at org.testng.remote.AbstractRemoteTestNG.run(AbstractRemoteTestNG.java:114)
at org.testng.remote.RemoteTestNG.initAndRun(RemoteTestNG.java:251)
at org.testng.remote.RemoteTestNG.main(RemoteTestNG.java:77)
]]>
    </error>
  </testcase> <!-- verifyAddDataFlow -->
  <testcase name="verifyEditDataFlow" time="0.000" classname="com.CloudBlaze.Onboarding.DataFlow">
    <skipped/>
  </testcase> <!-- verifyEditDataFlow -->
  <testcase name="verifyPublisedFlowInAzure" time="0.000" classname="com.CloudBlaze.Onboarding.DataFlow">
    <skipped/>
  </testcase> <!-- verifyPublisedFlowInAzure -->
  <testcase name="DpdpipelinePRovisioning" time="3.744" classname="com.CloudBlaze.Onboarding.DataFlow"/>
  <testcase name="DpdpipelineSchemaProcessor" time="3.529" classname="com.CloudBlaze.Onboarding.DataFlow"/>
</testsuite> <!-- com.CloudBlaze.Onboarding.DataFlow -->
